<?xml version="1.0" encoding="UTF-8"?>
<!-- Generated by org.testng.reporters.JUnitReportReporter -->
<testsuite skipped="0" hostname="anekrasova-ubuntu" name="com.report.inthinc.KrierDriverTest" tests="1" failures="0" timestamp="15 Jun 2018 04:31:29 GMT" time="25.473" errors="0">
  <testcase name="driverKrierTest" time="25.473" classname="com.report.inthinc.KrierDriverTest"/>
</testsuite> <!-- com.report.inthinc.KrierDriverTest -->
