<?xml version="1.0" encoding="UTF-8"?>
<!-- Generated by org.testng.reporters.JUnitReportReporter -->
<testsuite skipped="0" hostname="anekrasova-ubuntu" name="com.assets.portal.DriverCreateTests" tests="1" failures="0" timestamp="14 Jun 2018 19:18:04 GMT" time="29.952" errors="0">
  <testcase name="driverCreateTest" time="29.952" classname="com.assets.portal.DriverCreateTests"/>
</testsuite> <!-- com.assets.portal.DriverCreateTests -->
