<?xml version="1.0" encoding="UTF-8"?>
<!-- Generated by org.testng.reporters.JUnitReportReporter -->
<testsuite skipped="0" hostname="anekrasova-ubuntu" name="com.inthinc.my.ExceptionsTests" tests="1" failures="0" timestamp="07 Jun 2018 20:03:45 GMT" time="14.324" errors="0">
  <testcase name="staleElementTest" time="14.324" classname="com.inthinc.my.ExceptionsTests"/>
</testsuite> <!-- com.inthinc.my.ExceptionsTests -->
