<?xml version="1.0" encoding="UTF-8"?>
<!-- Generated by org.testng.reporters.JUnitReportReporter -->
<testsuite skipped="0" hostname="anekrasova-ubuntu" name="com.inthinc.my.NegativeTests" tests="4" failures="0" timestamp="15 Jun 2018 04:34:21 GMT" time="33.796" errors="0">
  <testcase name="negativeTest" time="10.014" classname="com.inthinc.my.NegativeTests"/>
  <testcase name="negativeTest" time="10.150" classname="com.inthinc.my.NegativeTests"/>
  <testcase name="negativeTest" time="10.461" classname="com.inthinc.my.NegativeTests"/>
  <testcase name="negativeTest" time="3.171" classname="com.inthinc.my.NegativeTests"/>
</testsuite> <!-- com.inthinc.my.NegativeTests -->
