<?xml version="1.0" encoding="UTF-8"?>
<!-- Generated by org.testng.reporters.JUnitReportReporter -->
<testsuite skipped="0" hostname="anekrasova-ubuntu" name="com.report.inthinc.LuisDriverTest" tests="1" failures="0" timestamp="15 Jun 2018 04:31:29 GMT" time="33.632" errors="0">
  <testcase name="driverLuisTest" time="33.632" classname="com.report.inthinc.LuisDriverTest"/>
</testsuite> <!-- com.report.inthinc.LuisDriverTest -->
