<?xml version="1.0" encoding="UTF-8"?>
<!-- Generated by org.testng.reporters.JUnitReportReporter -->
<testsuite skipped="0" hostname="anekrasova-ubuntu" name="com.assets.portal.NegativeDriverEmployeeTests" tests="1" failures="0" timestamp="14 Jun 2018 21:48:46 GMT" time="34.344" errors="0">
  <testcase name="neativeDriverEmployeeTest" time="34.344" classname="com.assets.portal.NegativeDriverEmployeeTests"/>
</testsuite> <!-- com.assets.portal.NegativeDriverEmployeeTests -->
