<?xml version="1.0" encoding="UTF-8"?>
<!-- Generated by org.testng.reporters.JUnitReportReporter -->
<testsuite skipped="0" hostname="anekrasova-ubuntu" name="com.inthinc.my.PositiveTests" tests="1" failures="0" timestamp="13 Jun 2018 19:31:41 GMT" time="17.955" errors="0">
  <testcase name="logInTest" time="17.955" classname="com.inthinc.my.PositiveTests"/>
</testsuite> <!-- com.inthinc.my.PositiveTests -->
