<?xml version="1.0" encoding="UTF-8"?>
<!-- Generated by org.testng.reporters.JUnitReportReporter -->
<testsuite skipped="0" hostname="anekrasova-ubuntu" name="com.report.inthinc.WentzDriverTest" tests="1" failures="0" timestamp="15 Jun 2018 04:31:29 GMT" time="23.250" errors="0">
  <testcase name="driverWentzTest" time="23.250" classname="com.report.inthinc.WentzDriverTest"/>
</testsuite> <!-- com.report.inthinc.WentzDriverTest -->
