<?xml version="1.0" encoding="UTF-8"?>
<!-- Generated by org.testng.reporters.JUnitReportReporter -->
<testsuite skipped="0" hostname="anekrasova-ubuntu" name="com.inthinc.my.ReportTests" tests="1" failures="0" timestamp="14 Jun 2018 15:47:17 GMT" time="27.353" errors="0">
  <testcase name="reportEldTest" time="27.353" classname="com.inthinc.my.ReportTests"/>
</testsuite> <!-- com.inthinc.my.ReportTests -->
