<?xml version="1.0" encoding="UTF-8"?>
<!-- Generated by org.testng.reporters.JUnitReportReporter -->
<testsuite skipped="0" hostname="anekrasova-ubuntu" name="com.report.inthinc.KyleDriverTest" tests="1" failures="0" timestamp="15 Jun 2018 04:31:29 GMT" time="24.629" errors="0">
  <testcase name="driverKyleTest" time="24.629" classname="com.report.inthinc.KyleDriverTest"/>
</testsuite> <!-- com.report.inthinc.KyleDriverTest -->
