<?xml version="1.0" encoding="UTF-8"?>
<!-- Generated by org.testng.reporters.JUnitReportReporter -->
<testsuite skipped="0" hostname="anekrasova-ubuntu" name="com.inthinc.my.ReportHosTests" tests="1" failures="0" timestamp="14 Jun 2018 15:47:17 GMT" time="25.361" errors="0">
  <testcase name="reportHosTest" time="25.361" classname="com.inthinc.my.ReportHosTests"/>
</testsuite> <!-- com.inthinc.my.ReportHosTests -->
